testing TestSuite/fun1.pas

________________________________________________________ 
 THE PROGRAM TEXT
________________________________________________________ 
program fun1(input, output);
var A, B, A: integer;  

begin
A := B + C * 2  
end.
$
________________________________________________________ 
SEMANTIC: ID already declared: A
SEMANTIC: ID NOT declared: C
SEMANTIC: Assign types: integer := undef
________________________________________________________ 
________________________________________________________ 
 THE SYMBOL TABLE
________________________________________________________ 
       NAME       ROLE       TYPE      SIZE      ADDR     
________________________________________________________ 
       fun1    program    program         8         0 
          A        var    integer         4         0 
          B        var    integer         4         4 
________________________________________________________ 
 STATIC STORAGE REQUIRED is 8 BYTES
________________________________________________________ 
testing TestSuite/fun2.pas

________________________________________________________ 
 THE PROGRAM TEXT
________________________________________________________ 
program fun2(input, output);
var A, B, C: integer;

begin
3A := B + C * 2
end.
$
________________________________________________________ 
SYNTAX:   ID expected found 3 
SYNTAX:   Symbol expected := found 3 
SEMANTIC: Assign types: error := integer
SYNTAX:   Symbol expected end found A 
SYNTAX:   Symbol expected . found A 
SYNTAX:   Extra symbols after end of parse! 
          A := B + C * 2 end . 
________________________________________________________ 
________________________________________________________ 
 THE SYMBOL TABLE
________________________________________________________ 
       NAME       ROLE       TYPE      SIZE      ADDR     
________________________________________________________ 
       fun2    program    program        12         0 
          A        var    integer         4         0 
          B        var    integer         4         4 
          C        var    integer         4         8 
________________________________________________________ 
 STATIC STORAGE REQUIRED is 12 BYTES
________________________________________________________ 
testing TestSuite/fun3.pas

________________________________________________________ 
 THE PROGRAM TEXT
________________________________________________________ 
program fun3(input, output);
var A, B, C: integer;

begin
A :
   = B + C * 2
end.
$
________________________________________________________ 
SYNTAX:   Symbol expected := found : 
SYNTAX:   Operand Expected 
SEMANTIC: Assign types: integer := error
SYNTAX:   Symbol expected end found : 
SYNTAX:   Symbol expected . found : 
SYNTAX:   Extra symbols after end of parse! 
          : = B + C * 2 end . 
________________________________________________________ 
________________________________________________________ 
 THE SYMBOL TABLE
________________________________________________________ 
       NAME       ROLE       TYPE      SIZE      ADDR     
________________________________________________________ 
       fun3    program    program        12         0 
          A        var    integer         4         0 
          B        var    integer         4         4 
          C        var    integer         4         8 
________________________________________________________ 
 STATIC STORAGE REQUIRED is 12 BYTES
________________________________________________________ 
testing TestSuite/fun4.pas

________________________________________________________ 
 THE PROGRAM TEXT
________________________________________________________ 
program fun4(input, output);
var A, B, C: integer;
    D, E, F: integer;

begin
A := B + C * 2
end.
$
________________________________________________________ 
PARSE SUCCESSFUL! 
________________________________________________________ 
________________________________________________________ 
 THE SYMBOL TABLE
________________________________________________________ 
       NAME       ROLE       TYPE      SIZE      ADDR     
________________________________________________________ 
       fun4    program    program        24         0 
          A        var    integer         4         0 
          B        var    integer         4         4 
          C        var    integer         4         8 
          D        var    integer         4        12 
          E        var    integer         4        16 
          F        var    integer         4        20 
________________________________________________________ 
 STATIC STORAGE REQUIRED is 24 BYTES
________________________________________________________ 
testing TestSuite/fun5.pas

________________________________________________________ 
 THE PROGRAM TEXT
________________________________________________________ 
program fun5(input, output);
var A, B, C: integer;

begin
A := B + C * 2
end.

OOOOPS!!!


$
________________________________________________________ 
SYNTAX:   Extra symbols after end of parse! 
          OOOOPS ! ! ! 
________________________________________________________ 
________________________________________________________ 
 THE SYMBOL TABLE
________________________________________________________ 
       NAME       ROLE       TYPE      SIZE      ADDR     
________________________________________________________ 
       fun5    program    program        12         0 
          A        var    integer         4         0 
          B        var    integer         4         4 
          C        var    integer         4         8 
________________________________________________________ 
 STATIC STORAGE REQUIRED is 12 BYTES
________________________________________________________ 
testing TestSuite/sem1.pas

________________________________________________________ 
 THE PROGRAM TEXT
________________________________________________________ 
program sem1(input, output);
var A, B, C: integer;

begin
A := D + C * 2  
end.
$
________________________________________________________ 
SEMANTIC: ID NOT declared: D
SEMANTIC: Assign types: integer := undef
________________________________________________________ 
________________________________________________________ 
 THE SYMBOL TABLE
________________________________________________________ 
       NAME       ROLE       TYPE      SIZE      ADDR     
________________________________________________________ 
       sem1    program    program        12         0 
          A        var    integer         4         0 
          B        var    integer         4         4 
          C        var    integer         4         8 
________________________________________________________ 
 STATIC STORAGE REQUIRED is 12 BYTES
________________________________________________________ 
testing TestSuite/sem2.pas

________________________________________________________ 
 THE PROGRAM TEXT
________________________________________________________ 
program sem2(input, output);
var A, B, A: integer;

begin
A := B + C * 2
end.
$
________________________________________________________ 
SEMANTIC: ID already declared: A
SEMANTIC: ID NOT declared: C
SEMANTIC: Assign types: integer := undef
________________________________________________________ 
________________________________________________________ 
 THE SYMBOL TABLE
________________________________________________________ 
       NAME       ROLE       TYPE      SIZE      ADDR     
________________________________________________________ 
       sem2    program    program         8         0 
          A        var    integer         4         0 
          B        var    integer         4         4 
________________________________________________________ 
 STATIC STORAGE REQUIRED is 8 BYTES
________________________________________________________ 
testing TestSuite/sem3.pas

________________________________________________________ 
 THE PROGRAM TEXT
________________________________________________________ 
program sem3(input, output);
var A, B, C: double;

begin
A := B + C * 2
end.
$
________________________________________________________ 
SYNTAX:   Type name expected found double 
SYNTAX:   Symbol expected ; found double 
SYNTAX:   Symbol expected : found ; 
SYNTAX:   Type name expected found ; 
SEMANTIC: Assign types: error := undef
________________________________________________________ 
________________________________________________________ 
 THE SYMBOL TABLE
________________________________________________________ 
       NAME       ROLE       TYPE      SIZE      ADDR     
________________________________________________________ 
       sem3    program    program         0         0 
          A        var      error         0         0 
          B        var      error         0         0 
          C        var      error         0         0 
     double        var      error         0         0 
________________________________________________________ 
 STATIC STORAGE REQUIRED is 0 BYTES
________________________________________________________ 
testing TestSuite/sem4.pas

________________________________________________________ 
 THE PROGRAM TEXT
________________________________________________________ 
program sem4(input, output);
var A, B, C: integer;
    D, E, F: real;

begin
F := B + C * 2
end.
$
________________________________________________________ 
SEMANTIC: Assign types: real := integer
________________________________________________________ 
________________________________________________________ 
 THE SYMBOL TABLE
________________________________________________________ 
       NAME       ROLE       TYPE      SIZE      ADDR     
________________________________________________________ 
       sem4    program    program        36         0 
          A        var    integer         4         0 
          B        var    integer         4         4 
          C        var    integer         4         8 
          D        var       real         8        12 
          E        var       real         8        20 
          F        var       real         8        28 
________________________________________________________ 
 STATIC STORAGE REQUIRED is 36 BYTES
________________________________________________________ 
testing TestSuite/sem5.pas

________________________________________________________ 
 THE PROGRAM TEXT
________________________________________________________ 
program sem5(input, output);
var A, B, C: integer;
    D, E, F: real;

begin
A := D + E * 2
end.
$
________________________________________________________ 
SEMANTIC: Assign types: integer := real
________________________________________________________ 
________________________________________________________ 
 THE SYMBOL TABLE
________________________________________________________ 
       NAME       ROLE       TYPE      SIZE      ADDR     
________________________________________________________ 
       sem5    program    program        36         0 
          A        var    integer         4         0 
          B        var    integer         4         4 
          C        var    integer         4         8 
          D        var       real         8        12 
          E        var       real         8        20 
          F        var       real         8        28 
________________________________________________________ 
 STATIC STORAGE REQUIRED is 36 BYTES
________________________________________________________ 
testing TestSuite/testa.pas

________________________________________________________ 
 THE PROGRAM TEXT
________________________________________________________ 

$
________________________________________________________ 
WARNING:  Input file is empty 
________________________________________________________ 
________________________________________________________ 
 THE SYMBOL TABLE
________________________________________________________ 
       NAME       ROLE       TYPE      SIZE      ADDR     
________________________________________________________ 
________________________________________________________ 
 STATIC STORAGE REQUIRED is 0 BYTES
________________________________________________________ 
testing TestSuite/testb.pas

________________________________________________________ 
 THE PROGRAM TEXT
________________________________________________________ 
   testb(input, output);
var A, B, C: integer;

begin
A := B + C * 2  
end.
$
________________________________________________________ 
SYNTAX:   Symbol expected program found testb 
________________________________________________________ 
________________________________________________________ 
 THE SYMBOL TABLE
________________________________________________________ 
       NAME       ROLE       TYPE      SIZE      ADDR     
________________________________________________________ 
      testb    program    program        12         0 
          A        var    integer         4         0 
          B        var    integer         4         4 
          C        var    integer         4         8 
________________________________________________________ 
 STATIC STORAGE REQUIRED is 12 BYTES
________________________________________________________ 
testing TestSuite/testc.pas

________________________________________________________ 
 THE PROGRAM TEXT
________________________________________________________ 
program (input, output);
var A, B, C: integer;

begin
A := B + C * 2  
end.
$
________________________________________________________ 
SYNTAX:   ID expected found  ( 
________________________________________________________ 
________________________________________________________ 
 THE SYMBOL TABLE
________________________________________________________ 
       NAME       ROLE       TYPE      SIZE      ADDR     
________________________________________________________ 
        ???    program    program        12         0 
          A        var    integer         4         0 
          B        var    integer         4         4 
          C        var    integer         4         8 
________________________________________________________ 
 STATIC STORAGE REQUIRED is 12 BYTES
________________________________________________________ 
testing TestSuite/testd.pas

________________________________________________________ 
 THE PROGRAM TEXT
________________________________________________________ 
program testd input, output);
var A, B, C: integer;

begin
A := B + C * 2  
end.
$
________________________________________________________ 
SYNTAX:   Symbol expected ( found input 
________________________________________________________ 
________________________________________________________ 
 THE SYMBOL TABLE
________________________________________________________ 
       NAME       ROLE       TYPE      SIZE      ADDR     
________________________________________________________ 
      testd    program    program        12         0 
          A        var    integer         4         0 
          B        var    integer         4         4 
          C        var    integer         4         8 
________________________________________________________ 
 STATIC STORAGE REQUIRED is 12 BYTES
________________________________________________________ 
testing TestSuite/teste.pas

________________________________________________________ 
 THE PROGRAM TEXT
________________________________________________________ 
program teste ( , output);
var A, B, C: integer;

begin
A := B + C * 2  
end.
$
________________________________________________________ 
SYNTAX:   Symbol expected input found , 
________________________________________________________ 
________________________________________________________ 
 THE SYMBOL TABLE
________________________________________________________ 
       NAME       ROLE       TYPE      SIZE      ADDR     
________________________________________________________ 
      teste    program    program        12         0 
          A        var    integer         4         0 
          B        var    integer         4         4 
          C        var    integer         4         8 
________________________________________________________ 
 STATIC STORAGE REQUIRED is 12 BYTES
________________________________________________________ 
testing TestSuite/testf.pas

________________________________________________________ 
 THE PROGRAM TEXT
________________________________________________________ 
program testf (input  output);
var A, B, C: integer;

begin
A := B + C * 2  
end.
$
________________________________________________________ 
SYNTAX:   Symbol expected , found output 
________________________________________________________ 
________________________________________________________ 
 THE SYMBOL TABLE
________________________________________________________ 
       NAME       ROLE       TYPE      SIZE      ADDR     
________________________________________________________ 
      testf    program    program        12         0 
          A        var    integer         4         0 
          B        var    integer         4         4 
          C        var    integer         4         8 
________________________________________________________ 
 STATIC STORAGE REQUIRED is 12 BYTES
________________________________________________________ 
testing TestSuite/testg.pas

________________________________________________________ 
 THE PROGRAM TEXT
________________________________________________________ 
program testg (input, );
var A, B, C: integer;

begin
A := B + C * 2  
end.
$
________________________________________________________ 
SYNTAX:   Symbol expected output found ) 
________________________________________________________ 
________________________________________________________ 
 THE SYMBOL TABLE
________________________________________________________ 
       NAME       ROLE       TYPE      SIZE      ADDR     
________________________________________________________ 
      testg    program    program        12         0 
          A        var    integer         4         0 
          B        var    integer         4         4 
          C        var    integer         4         8 
________________________________________________________ 
 STATIC STORAGE REQUIRED is 12 BYTES
________________________________________________________ 
testing TestSuite/testh.pas

________________________________________________________ 
 THE PROGRAM TEXT
________________________________________________________ 
program testh (input, output ;
var A, B, C: integer;

begin
A := B + C * 2  
end.
$
________________________________________________________ 
SYNTAX:   Symbol expected ) found ; 
________________________________________________________ 
________________________________________________________ 
 THE SYMBOL TABLE
________________________________________________________ 
       NAME       ROLE       TYPE      SIZE      ADDR     
________________________________________________________ 
      testh    program    program        12         0 
          A        var    integer         4         0 
          B        var    integer         4         4 
          C        var    integer         4         8 
________________________________________________________ 
 STATIC STORAGE REQUIRED is 12 BYTES
________________________________________________________ 
testing TestSuite/testi.pas

________________________________________________________ 
 THE PROGRAM TEXT
________________________________________________________ 
program testi (input, output) 
var A, B, C: integer;

begin
A := B + C * 2  
end.
$
________________________________________________________ 
SYNTAX:   Symbol expected ; found var 
________________________________________________________ 
________________________________________________________ 
 THE SYMBOL TABLE
________________________________________________________ 
       NAME       ROLE       TYPE      SIZE      ADDR     
________________________________________________________ 
      testi    program    program        12         0 
          A        var    integer         4         0 
          B        var    integer         4         4 
          C        var    integer         4         8 
________________________________________________________ 
 STATIC STORAGE REQUIRED is 12 BYTES
________________________________________________________ 
testing TestSuite/testj.pas

________________________________________________________ 
 THE PROGRAM TEXT
________________________________________________________ 
program testj (input, output);
  A, B, C: integer;

begin
A := B + C * 2  
end.
$
________________________________________________________ 
SYNTAX:   Symbol expected var found A 
________________________________________________________ 
________________________________________________________ 
 THE SYMBOL TABLE
________________________________________________________ 
       NAME       ROLE       TYPE      SIZE      ADDR     
________________________________________________________ 
      testj    program    program        12         0 
          A        var    integer         4         0 
          B        var    integer         4         4 
          C        var    integer         4         8 
________________________________________________________ 
 STATIC STORAGE REQUIRED is 12 BYTES
________________________________________________________ 
testing TestSuite/testk.pas

________________________________________________________ 
 THE PROGRAM TEXT
________________________________________________________ 
program testk (input, output);
var , B, C: integer;

begin
A := B + C * 2  
end.
$
________________________________________________________ 
SYNTAX:   ID expected found  , 
SEMANTIC: ID NOT declared: A
SEMANTIC: Assign types: error := integer
________________________________________________________ 
________________________________________________________ 
 THE SYMBOL TABLE
________________________________________________________ 
       NAME       ROLE       TYPE      SIZE      ADDR     
________________________________________________________ 
      testk    program    program         8         0 
          B        var    integer         4         0 
          C        var    integer         4         4 
________________________________________________________ 
 STATIC STORAGE REQUIRED is 8 BYTES
________________________________________________________ 
testing TestSuite/testl.pas

________________________________________________________ 
 THE PROGRAM TEXT
________________________________________________________ 
program testl (input, output);
var A  B, C: integer;

begin
A := B + C * 2  
end.
$
________________________________________________________ 
SYNTAX:   Symbol expected : found B 
SYNTAX:   Type name expected found B 
SYNTAX:   Symbol expected ; found B 
SEMANTIC: Assign types: error := integer
________________________________________________________ 
________________________________________________________ 
 THE SYMBOL TABLE
________________________________________________________ 
       NAME       ROLE       TYPE      SIZE      ADDR     
________________________________________________________ 
      testl    program    program         8         0 
          A        var      error         0         0 
          B        var    integer         4         0 
          C        var    integer         4         4 
________________________________________________________ 
 STATIC STORAGE REQUIRED is 8 BYTES
________________________________________________________ 
testing TestSuite/testm.pas

________________________________________________________ 
 THE PROGRAM TEXT
________________________________________________________ 
program testm (input, output);
var A, B, C  integer;

begin
A := B + C * 2  
end.
$
________________________________________________________ 
SYNTAX:   Symbol expected : found integer 
________________________________________________________ 
________________________________________________________ 
 THE SYMBOL TABLE
________________________________________________________ 
       NAME       ROLE       TYPE      SIZE      ADDR     
________________________________________________________ 
      testm    program    program        12         0 
          A        var    integer         4         0 
          B        var    integer         4         4 
          C        var    integer         4         8 
________________________________________________________ 
 STATIC STORAGE REQUIRED is 12 BYTES
________________________________________________________ 
testing TestSuite/testn.pas

________________________________________________________ 
 THE PROGRAM TEXT
________________________________________________________ 
program testn (input, output);
var A, B, C: ;

begin
A := B + C * 2  
end.
$
________________________________________________________ 
SYNTAX:   Type name expected found ; 
SEMANTIC: Assign types: error := undef
________________________________________________________ 
________________________________________________________ 
 THE SYMBOL TABLE
________________________________________________________ 
       NAME       ROLE       TYPE      SIZE      ADDR     
________________________________________________________ 
      testn    program    program         0         0 
          A        var      error         0         0 
          B        var      error         0         0 
          C        var      error         0         0 
________________________________________________________ 
 STATIC STORAGE REQUIRED is 0 BYTES
________________________________________________________ 
testing TestSuite/testo.pas

________________________________________________________ 
 THE PROGRAM TEXT
________________________________________________________ 
program testo (input, output);
var A, B, C: integer

begin
A := B + C * 2  
end.
$
________________________________________________________ 
SYNTAX:   Symbol expected ; found begin 
________________________________________________________ 
________________________________________________________ 
 THE SYMBOL TABLE
________________________________________________________ 
       NAME       ROLE       TYPE      SIZE      ADDR     
________________________________________________________ 
      testo    program    program        12         0 
          A        var    integer         4         0 
          B        var    integer         4         4 
          C        var    integer         4         8 
________________________________________________________ 
 STATIC STORAGE REQUIRED is 12 BYTES
________________________________________________________ 
testing TestSuite/testok1.pas

________________________________________________________ 
 THE PROGRAM TEXT
________________________________________________________ 
program testok1(input, output);  
var A, B, C: integer;  

begin
A := B + C * 2  
end.
$
________________________________________________________ 
PARSE SUCCESSFUL! 
________________________________________________________ 
________________________________________________________ 
 THE SYMBOL TABLE
________________________________________________________ 
       NAME       ROLE       TYPE      SIZE      ADDR     
________________________________________________________ 
    testok1    program    program        12         0 
          A        var    integer         4         0 
          B        var    integer         4         4 
          C        var    integer         4         8 
________________________________________________________ 
 STATIC STORAGE REQUIRED is 12 BYTES
________________________________________________________ 
testing TestSuite/testok2.pas

________________________________________________________ 
 THE PROGRAM TEXT
________________________________________________________ 
program testok2(input, output);
var A, B, C: integer;  
    D, E, F: integer;
    G, H, I: integer;

begin
A := B + C * 2;
D := E + F * 2;
G := H + I * 2
end.
$
________________________________________________________ 
PARSE SUCCESSFUL! 
________________________________________________________ 
________________________________________________________ 
 THE SYMBOL TABLE
________________________________________________________ 
       NAME       ROLE       TYPE      SIZE      ADDR     
________________________________________________________ 
    testok2    program    program        36         0 
          A        var    integer         4         0 
          B        var    integer         4         4 
          C        var    integer         4         8 
          D        var    integer         4        12 
          E        var    integer         4        16 
          F        var    integer         4        20 
          G        var    integer         4        24 
          H        var    integer         4        28 
          I        var    integer         4        32 
________________________________________________________ 
 STATIC STORAGE REQUIRED is 36 BYTES
________________________________________________________ 
testing TestSuite/testok3.pas

________________________________________________________ 
 THE PROGRAM TEXT
________________________________________________________ 
program testok3(input, output);
var A, B, C: integer;  

begin
A := 2 + 6 * 8;
B := 3 + 9 * 1;
C := 4 + 1 * 1
end.
$
________________________________________________________ 
PARSE SUCCESSFUL! 
________________________________________________________ 
________________________________________________________ 
 THE SYMBOL TABLE
________________________________________________________ 
       NAME       ROLE       TYPE      SIZE      ADDR     
________________________________________________________ 
    testok3    program    program        12         0 
          A        var    integer         4         0 
          B        var    integer         4         4 
          C        var    integer         4         8 
________________________________________________________ 
 STATIC STORAGE REQUIRED is 12 BYTES
________________________________________________________ 
testing TestSuite/testok4.pas

________________________________________________________ 
 THE PROGRAM TEXT
________________________________________________________ 
program testok4(input, output);
var A, B, C: integer;  
    DD, EE, FF: integer;

begin
A := B + C * 2  
end.
$
________________________________________________________ 
PARSE SUCCESSFUL! 
________________________________________________________ 
________________________________________________________ 
 THE SYMBOL TABLE
________________________________________________________ 
       NAME       ROLE       TYPE      SIZE      ADDR     
________________________________________________________ 
    testok4    program    program        24         0 
          A        var    integer         4         0 
          B        var    integer         4         4 
          C        var    integer         4         8 
         DD        var    integer         4        12 
         EE        var    integer         4        16 
         FF        var    integer         4        20 
________________________________________________________ 
 STATIC STORAGE REQUIRED is 24 BYTES
________________________________________________________ 
testing TestSuite/testok5.pas

________________________________________________________ 
 THE PROGRAM TEXT
________________________________________________________ 
program testok5(input, output);
var x, y, z: integer;
    A: integer;
    B: integer;
    C: integer;

begin
x := y + z * 2;
A := B + C * 2  
end.
$
________________________________________________________ 
PARSE SUCCESSFUL! 
________________________________________________________ 
________________________________________________________ 
 THE SYMBOL TABLE
________________________________________________________ 
       NAME       ROLE       TYPE      SIZE      ADDR     
________________________________________________________ 
    testok5    program    program        24         0 
          x        var    integer         4         0 
          y        var    integer         4         4 
          z        var    integer         4         8 
          A        var    integer         4        12 
          B        var    integer         4        16 
          C        var    integer         4        20 
________________________________________________________ 
 STATIC STORAGE REQUIRED is 24 BYTES
________________________________________________________ 
testing TestSuite/testok6.pas

________________________________________________________ 
 THE PROGRAM TEXT
________________________________________________________ 
program testok6(input, output);
var id, number, assign: integer;

begin
id := (number + assign) * 2  
end.
$
________________________________________________________ 
PARSE SUCCESSFUL! 
________________________________________________________ 
________________________________________________________ 
 THE SYMBOL TABLE
________________________________________________________ 
       NAME       ROLE       TYPE      SIZE      ADDR     
________________________________________________________ 
    testok6    program    program        12         0 
         id        var    integer         4         0 
     number        var    integer         4         4 
     assign        var    integer         4         8 
________________________________________________________ 
 STATIC STORAGE REQUIRED is 12 BYTES
________________________________________________________ 
testing TestSuite/testok7.pas

________________________________________________________ 
 THE PROGRAM TEXT
________________________________________________________ 
program testok7(input, output);
var
    A: integer;
    B: integer;
    C: integer;

begin
A := B + C * 2
end.
$
________________________________________________________ 
PARSE SUCCESSFUL! 
________________________________________________________ 
________________________________________________________ 
 THE SYMBOL TABLE
________________________________________________________ 
       NAME       ROLE       TYPE      SIZE      ADDR     
________________________________________________________ 
    testok7    program    program        12         0 
          A        var    integer         4         0 
          B        var    integer         4         4 
          C        var    integer         4         8 
________________________________________________________ 
 STATIC STORAGE REQUIRED is 12 BYTES
________________________________________________________ 
testing TestSuite/testp.pas

________________________________________________________ 
 THE PROGRAM TEXT
________________________________________________________ 
program testp (input, output);
var A, B, C: integer;


A := B + C * 2  
end.
$
________________________________________________________ 
SEMANTIC: ID already declared: A
SYNTAX:   Symbol expected : found := 
SYNTAX:   Type name expected found := 
SYNTAX:   Symbol expected ; found := 
SYNTAX:   Symbol expected begin found := 
SYNTAX:   ID expected found := 
SEMANTIC: Assign types: error := integer
________________________________________________________ 
________________________________________________________ 
 THE SYMBOL TABLE
________________________________________________________ 
       NAME       ROLE       TYPE      SIZE      ADDR     
________________________________________________________ 
      testp    program    program        12         0 
          A        var    integer         4         0 
          B        var    integer         4         4 
          C        var    integer         4         8 
________________________________________________________ 
 STATIC STORAGE REQUIRED is 12 BYTES
________________________________________________________ 
testing TestSuite/testq.pas

________________________________________________________ 
 THE PROGRAM TEXT
________________________________________________________ 
program testq (input, output);
var A, B, C: integer;

begin
 := B + C * 2  
end.
$
________________________________________________________ 
SYNTAX:   ID expected found := 
SEMANTIC: Assign types: error := integer
________________________________________________________ 
________________________________________________________ 
 THE SYMBOL TABLE
________________________________________________________ 
       NAME       ROLE       TYPE      SIZE      ADDR     
________________________________________________________ 
      testq    program    program        12         0 
          A        var    integer         4         0 
          B        var    integer         4         4 
          C        var    integer         4         8 
________________________________________________________ 
 STATIC STORAGE REQUIRED is 12 BYTES
________________________________________________________ 
testing TestSuite/testr.pas

________________________________________________________ 
 THE PROGRAM TEXT
________________________________________________________ 
program testr (input, output);
var A, B, C: integer;

begin
 A = B + C * 2  
end.
$
________________________________________________________ 
SYNTAX:   Symbol expected := found = 
SYNTAX:   Operand Expected 
SEMANTIC: Assign types: integer := error
SYNTAX:   Symbol expected end found = 
SYNTAX:   Symbol expected . found = 
SYNTAX:   Extra symbols after end of parse! 
          = B + C * 2 end . 
________________________________________________________ 
________________________________________________________ 
 THE SYMBOL TABLE
________________________________________________________ 
       NAME       ROLE       TYPE      SIZE      ADDR     
________________________________________________________ 
      testr    program    program        12         0 
          A        var    integer         4         0 
          B        var    integer         4         4 
          C        var    integer         4         8 
________________________________________________________ 
 STATIC STORAGE REQUIRED is 12 BYTES
________________________________________________________ 
testing TestSuite/tests.pas

________________________________________________________ 
 THE PROGRAM TEXT
________________________________________________________ 
program tests (input, output);
var A, B, C: integer;

begin
 A : B + C * 2  
end.
$
________________________________________________________ 
SYNTAX:   Symbol expected := found : 
SYNTAX:   Operand Expected 
SEMANTIC: Assign types: integer := error
SYNTAX:   Symbol expected end found : 
SYNTAX:   Symbol expected . found : 
SYNTAX:   Extra symbols after end of parse! 
          : B + C * 2 end . 
________________________________________________________ 
________________________________________________________ 
 THE SYMBOL TABLE
________________________________________________________ 
       NAME       ROLE       TYPE      SIZE      ADDR     
________________________________________________________ 
      tests    program    program        12         0 
          A        var    integer         4         0 
          B        var    integer         4         4 
          C        var    integer         4         8 
________________________________________________________ 
 STATIC STORAGE REQUIRED is 12 BYTES
________________________________________________________ 
testing TestSuite/testt.pas

________________________________________________________ 
 THE PROGRAM TEXT
________________________________________________________ 
program testt (input, output);
var A, B, C: integer;

begin
 A  B + C * 2  
end.
$
________________________________________________________ 
SYNTAX:   Symbol expected := found B 
________________________________________________________ 
________________________________________________________ 
 THE SYMBOL TABLE
________________________________________________________ 
       NAME       ROLE       TYPE      SIZE      ADDR     
________________________________________________________ 
      testt    program    program        12         0 
          A        var    integer         4         0 
          B        var    integer         4         4 
          C        var    integer         4         8 
________________________________________________________ 
 STATIC STORAGE REQUIRED is 12 BYTES
________________________________________________________ 
testing TestSuite/testu.pas

________________________________________________________ 
 THE PROGRAM TEXT
________________________________________________________ 
program testu (input, output);
var A, B, C: integer;

begin
 A := + C * 2  
end.
$
________________________________________________________ 
SYNTAX:   Operand Expected 
SEMANTIC: Assign types: integer := undef
________________________________________________________ 
________________________________________________________ 
 THE SYMBOL TABLE
________________________________________________________ 
       NAME       ROLE       TYPE      SIZE      ADDR     
________________________________________________________ 
      testu    program    program        12         0 
          A        var    integer         4         0 
          B        var    integer         4         4 
          C        var    integer         4         8 
________________________________________________________ 
 STATIC STORAGE REQUIRED is 12 BYTES
________________________________________________________ 
testing TestSuite/testv.pas

________________________________________________________ 
 THE PROGRAM TEXT
________________________________________________________ 
program testv (input, output);
var A, B, C: integer;

begin
 A := B  C * 2  
end.
$
________________________________________________________ 
SYNTAX:   Symbol expected end found C 
SYNTAX:   Symbol expected . found C 
SYNTAX:   Extra symbols after end of parse! 
          C * 2 end . 
________________________________________________________ 
________________________________________________________ 
 THE SYMBOL TABLE
________________________________________________________ 
       NAME       ROLE       TYPE      SIZE      ADDR     
________________________________________________________ 
      testv    program    program        12         0 
          A        var    integer         4         0 
          B        var    integer         4         4 
          C        var    integer         4         8 
________________________________________________________ 
 STATIC STORAGE REQUIRED is 12 BYTES
________________________________________________________ 
testing TestSuite/testw.pas

________________________________________________________ 
 THE PROGRAM TEXT
________________________________________________________ 
program testw (input, output);
var A, B, C: integer;

begin
 A := B + C - 2  
end.
$
________________________________________________________ 
SYNTAX:   Symbol expected end found - 
SYNTAX:   Symbol expected . found - 
SYNTAX:   Extra symbols after end of parse! 
          - 2 end . 
________________________________________________________ 
________________________________________________________ 
 THE SYMBOL TABLE
________________________________________________________ 
       NAME       ROLE       TYPE      SIZE      ADDR     
________________________________________________________ 
      testw    program    program        12         0 
          A        var    integer         4         0 
          B        var    integer         4         4 
          C        var    integer         4         8 
________________________________________________________ 
 STATIC STORAGE REQUIRED is 12 BYTES
________________________________________________________ 
testing TestSuite/testx.pas

________________________________________________________ 
 THE PROGRAM TEXT
________________________________________________________ 
program testx (input, output);
var A, B, C: integer;

begin
 A := B + C * 2 ;  
end.
$
________________________________________________________ 
SYNTAX:   ID expected found end 
SYNTAX:   Symbol expected := found end 
SYNTAX:   Operand Expected 
________________________________________________________ 
________________________________________________________ 
 THE SYMBOL TABLE
________________________________________________________ 
       NAME       ROLE       TYPE      SIZE      ADDR     
________________________________________________________ 
      testx    program    program        12         0 
          A        var    integer         4         0 
          B        var    integer         4         4 
          C        var    integer         4         8 
________________________________________________________ 
 STATIC STORAGE REQUIRED is 12 BYTES
________________________________________________________ 
testing TestSuite/testy.pas

________________________________________________________ 
 THE PROGRAM TEXT
________________________________________________________ 
program testy (input, output);
var A, B, C: integer;

begin
 A := B + C * 2
.
$
________________________________________________________ 
SYNTAX:   Symbol expected end found . 
________________________________________________________ 
________________________________________________________ 
 THE SYMBOL TABLE
________________________________________________________ 
       NAME       ROLE       TYPE      SIZE      ADDR     
________________________________________________________ 
      testy    program    program        12         0 
          A        var    integer         4         0 
          B        var    integer         4         4 
          C        var    integer         4         8 
________________________________________________________ 
 STATIC STORAGE REQUIRED is 12 BYTES
________________________________________________________ 
testing TestSuite/testz.pas

________________________________________________________ 
 THE PROGRAM TEXT
________________________________________________________ 
program testz (input, output);
var A, B, C: integer;

begin
 A := B + C * 2
end 
$
________________________________________________________ 
SYNTAX:   Symbol expected . found $ 
________________________________________________________ 
________________________________________________________ 
 THE SYMBOL TABLE
________________________________________________________ 
       NAME       ROLE       TYPE      SIZE      ADDR     
________________________________________________________ 
      testz    program    program        12         0 
          A        var    integer         4         0 
          B        var    integer         4         4 
          C        var    integer         4         8 
________________________________________________________ 
 STATIC STORAGE REQUIRED is 12 BYTES
________________________________________________________ 